<?xml version="1.0" encoding="UTF-8"?>
<!-- Generated by org.testng.reporters.JUnitReportReporter -->
<testsuite hostname="DESKTOP-PMVGJQI" failures="0" tests="12" name="com.Runner.TestRunner" time="155.858" errors="0" timestamp="2025-04-06T12:42:58 IST" skipped="0">
  <testcase classname="com.Runner.TestRunner" name="runScenario" time="13.125"/>
  <system-out/>
  <testcase classname="com.Runner.TestRunner" name="runScenario" time="9.901"/>
  <system-out/>
  <testcase classname="com.Runner.TestRunner" name="runScenario" time="11.185"/>
  <system-out/>
  <testcase classname="com.Runner.TestRunner" name="runScenario" time="13.355"/>
  <system-out/>
  <testcase classname="com.Runner.TestRunner" name="runScenario" time="10.752"/>
  <system-out/>
  <testcase classname="com.Runner.TestRunner" name="runScenario" time="14.659"/>
  <system-out/>
  <testcase classname="com.Runner.TestRunner" name="runScenario" time="13.313"/>
  <system-out/>
  <testcase classname="com.Runner.TestRunner" name="runScenario" time="11.869"/>
  <system-out/>
  <testcase classname="com.Runner.TestRunner" name="runScenario" time="14.496"/>
  <system-out/>
  <testcase classname="com.Runner.TestRunner" name="runScenario" time="14.326"/>
  <system-out/>
  <testcase classname="com.Runner.TestRunner" name="runScenario" time="14.641"/>
  <system-out/>
  <testcase classname="com.Runner.TestRunner" name="runScenario" time="14.236"/>
  <system-out/>
</testsuite> <!-- com.Runner.TestRunner -->
